{"C:\\Users\\user\\Documents\\matchers\\src\\sortHeroes.js": {"path":"C:\\Users\\user\\Documents\\matchers\\src\\sortHeroes.js","statementMap":{"0":{"start":{"line":2,"column":4},"end":{"line":2,"column":59}},"1":{"start":{"line":2,"column":38},"end":{"line":2,"column":57}}},"fnMap":{"0":{"name":"sortHeroesByHealth","decl":{"start":{"line":1,"column":24},"end":{"line":1,"column":42}},"loc":{"start":{"line":1,"column":51},"end":{"line":3,"column":3}},"line":1},"1":{"name":"(anonymous_1)","decl":{"start":{"line":2,"column":28},"end":{"line":2,"column":29}},"loc":{"start":{"line":2,"column":38},"end":{"line":2,"column":57}},"line":2}},"branchMap":{},"s":{"0":2,"1":5},"f":{"0":2,"1":5},"b":{},"_coverageSchema":"1a1c01bbd47fc00a2c39e90264f33305004495a9","hash":"b33699cae84cecdd5b934e12fbd79ed3531532fe"}
}
